running: mkdir -p .vscode
running: cp gitpod/settings.json .vscode/settings.json
running: git fetch --tags
From https://github.com/brendanm2025/pandas-eecs481
 * [new branch]            0.19.x                -> origin/0.19.x
 * [new branch]            0.20.x                -> origin/0.20.x
 * [new branch]            0.21.x                -> origin/0.21.x
 * [new branch]            0.22.x                -> origin/0.22.x
 * [new branch]            0.23.x                -> origin/0.23.x
 * [new branch]            0.24.x                -> origin/0.24.x
 * [new branch]            0.25.x                -> origin/0.25.x
 * [new branch]            1.0.x                 -> origin/1.0.x
 * [new branch]            1.1.x                 -> origin/1.1.x
 * [new branch]            1.2.x                 -> origin/1.2.x
 * [new branch]            1.3.x                 -> origin/1.3.x
 * [new branch]            1.4.x                 -> origin/1.4.x
 * [new branch]            1.5.x                 -> origin/1.5.x
 * [new branch]            2.0.x                 -> origin/2.0.x
 * [new branch]            2.1.x                 -> origin/2.1.x
 * [new branch]            2.2.x                 -> origin/2.2.x
 * [new branch]            2.3.x                 -> origin/2.3.x
 * [new branch]            brendanm2025-gitpod-setup-edits -> origin/brendanm2025-gitpod-setup-edits
 * [new branch]            libpandas-native-core -> origin/libpandas-native-core
 * [new tag]               debian/0.4.0-1        -> debian/0.4.0-1
 * [new tag]               debian/0.4.1-1        -> debian/0.4.1-1
 * [new tag]               debian/0.4.3-1        -> debian/0.4.3-1
 * [new tag]               debian/0.5.0+git7-gcf32be2-1 -> debian/0.5.0+git7-gcf32be2-1
 * [new tag]               debian/0.6.1-1        -> debian/0.6.1-1
 * [new tag]               debian/0.7.0-1        -> debian/0.7.0-1
 * [new tag]               debian/0.7.1+git1-ga2e86c2-1 -> debian/0.7.1+git1-ga2e86c2-1
 * [new tag]               debian/0.7.3-1        -> debian/0.7.3-1
 * [new tag]               debian/0.8.0-1        -> debian/0.8.0-1
 * [new tag]               debian/0.8.0-2        -> debian/0.8.0-2
 * [new tag]               debian/0.8.0_b2+git68-g7240b87-1 -> debian/0.8.0_b2+git68-g7240b87-1
 * [new tag]               debian/0.8.0_b2-1     -> debian/0.8.0_b2-1
 * [new tag]               debian/0.8.0_rc2+git26-g76c6351-1 -> debian/0.8.0_rc2+git26-g76c6351-1
 * [new tag]               debian/0.8.1-1        -> debian/0.8.1-1
 * [new tag]               v0.13.0_ahl1          -> v0.13.0_ahl1
 * [new tag]               v0.13.0_ahl2          -> v0.13.0_ahl2
 * [new tag]               v0.16.3               -> v0.16.3
running: python -m pip install -ve . --no-build-isolation -Ceditable-verbose=true
Using pip 24.3.1 from /usr/local/lib/python3.10/site-packages/pip (python 3.10)
Defaulting to user installation because normal site-packages is not writeable
Obtaining file:///workspace/pandas-eecs481
  Checking if build backend supports build_editable: started
  Running command Checking if build backend supports build_editable
  Checking if build backend supports build_editable: finished with status 'done'
  Preparing editable metadata (pyproject.toml): started
  Running command Preparing editable metadata (pyproject.toml)
  + meson setup /workspace/pandas-eecs481 /workspace/pandas-eecs481/build/cp310 -Dbuildtype=release -Db_ndebug=if-release -Db_vscrt=md --vsenv --native-file=/workspace/pandas-eecs481/build/cp310/meson-python-native-file.ini
  The Meson build system
  Version: 1.2.1
  Source dir: /workspace/pandas-eecs481
  Build dir: /workspace/pandas-eecs481/build/cp310
  Build type: native build
  Project name: pandas
  Project version: 0+untagged.1.g20b47c4
  C compiler for the host machine: cc (gcc 10.2.1 "cc (Debian 10.2.1-6) 10.2.1 20210110")
  C linker for the host machine: cc ld.bfd 2.35.2
  C++ compiler for the host machine: c++ (gcc 10.2.1 "c++ (Debian 10.2.1-6) 10.2.1 20210110")
  C++ linker for the host machine: c++ ld.bfd 2.35.2
  Cython compiler for the host machine: cython (cython 3.0.11)
  Host machine cpu family: x86_64
  Host machine cpu: x86_64
  Program python found: YES (/usr/local/bin/python)
  Found pkg-config: /usr/bin/pkg-config (0.29.2)
  Run-time dependency python found: YES 3.10
  Build targets in project: 54

  pandas 0+untagged.1.g20b47c4

    User defined options
      Native files: /workspace/pandas-eecs481/build/cp310/meson-python-native-file.ini
      buildtype   : release
      vsenv       : True
      b_ndebug    : if-release
      b_vscrt     : md

  Found ninja-1.11.1.git.kitware.jobserver-1 at /usr/local/bin/ninja

  Visual Studio environment is needed to run Ninja. It is recommended to use Meson wrapper:
  /usr/local/bin/meson compile -C .
  + /usr/local/bin/ninja
  [1/152] Generating pandas/_libs/index_class_helper_pxi with a custom command
  [2/152] Generating pandas/_libs/khash_primitive_helper_pxi with a custom command
  [3/152] Generating pandas/_libs/intervaltree_helper_pxi with a custom command
  [4/152] Generating pandas/__init__.py with a custom command
  [5/152] Generating pandas/_libs/algos_common_helper_pxi with a custom command
  [6/152] Generating pandas/_libs/sparse_op_helper_pxi with a custom command
  [7/152] Generating pandas/_libs/hashtable_class_helper_pxi with a custom command
  [8/152] Generating pandas/_libs/algos_take_helper_pxi with a custom command
  [9/152] Generating pandas/_libs/hashtable_func_helper_pxi with a custom command
  [10/152] Generating write_version_file with a custom command
  [11/152] Compiling Cython source /workspace/pandas-eecs481/pandas/_libs/tslibs/base.pyx
  [12/152] Compiling Cython source /workspace/pandas-eecs481/pandas/_libs/tslibs/ccalendar.pyx
  [13/152] Compiling C object pandas/_libs/tslibs/parsing.cpython-310-x86_64-linux-gnu.so.p/.._src_parser_tokenizer.c.o
  [14/152] Compiling Cython source /workspace/pandas-eecs481/pandas/_libs/tslibs/np_datetime.pyx
  [15/152] Compiling Cython source /workspace/pandas-eecs481/pandas/_libs/tslibs/dtypes.pyx
  [16/152] Compiling Cython source /workspace/pandas-eecs481/pandas/_libs/tslibs/nattype.pyx
  [17/152] Compiling C object pandas/_libs/tslibs/base.cpython-310-x86_64-linux-gnu.so.p/meson-generated_pandas__libs_tslibs_base.pyx.c.o
  [18/152] Linking target pandas/_libs/tslibs/base.cpython-310-x86_64-linux-gnu.so
  [19/152] Compiling Cython source /workspace/pandas-eecs481/pandas/_libs/tslibs/timezones.pyx
  [20/152] Compiling Cython source /workspace/pandas-eecs481/pandas/_libs/tslibs/tzconversion.pyx
  [21/152] Compiling Cython source /workspace/pandas-eecs481/pandas/_libs/tslibs/vectorized.pyx
  [22/152] Compiling Cython source /workspace/pandas-eecs481/pandas/_libs/tslibs/parsing.pyx
  [23/152] Compiling Cython source /workspace/pandas-eecs481/pandas/_libs/tslibs/strptime.pyx
  [24/152] Compiling Cython source /workspace/pandas-eecs481/pandas/_libs/tslibs/conversion.pyx
  [25/152] Compiling Cython source /workspace/pandas-eecs481/pandas/_libs/arrays.pyx
  [26/152] Compiling Cython source /workspace/pandas-eecs481/pandas/_libs/tslibs/fields.pyx
  [27/152] Compiling Cython source /workspace/pandas-eecs481/pandas/_libs/tslibs/timedeltas.pyx
  [28/152] Compiling Cython source /workspace/pandas-eecs481/pandas/_libs/tslibs/timestamps.pyx
  [29/152] Compiling Cython source /workspace/pandas-eecs481/pandas/_libs/tslibs/period.pyx
  [30/152] Compiling Cython source /workspace/pandas-eecs481/pandas/_libs/tslibs/offsets.pyx
  [31/152] Compiling C object pandas/_libs/tslibs/ccalendar.cpython-310-x86_64-linux-gnu.so.p/meson-generated_pandas__libs_tslibs_ccalendar.pyx.c.o
  [32/152] Linking target pandas/_libs/tslibs/ccalendar.cpython-310-x86_64-linux-gnu.so
  [33/152] Compiling C object pandas/_libs/tslibs/np_datetime.cpython-310-x86_64-linux-gnu.so.p/meson-generated_pandas__libs_tslibs_np_datetime.pyx.c.o
  [34/152] Linking target pandas/_libs/tslibs/np_datetime.cpython-310-x86_64-linux-gnu.so
  [35/152] Compiling Cython source /workspace/pandas-eecs481/pandas/_libs/hashing.pyx
  [36/152] Compiling C object pandas/_libs/arrays.cpython-310-x86_64-linux-gnu.so.p/meson-generated_pandas__libs_arrays.pyx.c.o
  [37/152] Linking target pandas/_libs/arrays.cpython-310-x86_64-linux-gnu.so
  [38/152] Compiling C object pandas/_libs/tslibs/nattype.cpython-310-x86_64-linux-gnu.so.p/meson-generated_pandas__libs_tslibs_nattype.pyx.c.o
  [39/152] Linking target pandas/_libs/tslibs/nattype.cpython-310-x86_64-linux-gnu.so
  [40/152] Compiling C object pandas/_libs/tslibs/dtypes.cpython-310-x86_64-linux-gnu.so.p/meson-generated_pandas__libs_tslibs_dtypes.pyx.c.o
  [41/152] Linking target pandas/_libs/tslibs/dtypes.cpython-310-x86_64-linux-gnu.so
  [42/152] Compiling C object pandas/_libs/tslibs/vectorized.cpython-310-x86_64-linux-gnu.so.p/meson-generated_pandas__libs_tslibs_vectorized.pyx.c.o
  [43/152] Linking target pandas/_libs/tslibs/vectorized.cpython-310-x86_64-linux-gnu.so
  [44/152] Compiling Cython source /workspace/pandas-eecs481/pandas/_libs/indexing.pyx
  [45/152] Compiling Cython source /workspace/pandas-eecs481/pandas/_libs/algos.pyx
  [46/152] Compiling C object pandas/_libs/tslibs/timezones.cpython-310-x86_64-linux-gnu.so.p/meson-generated_pandas__libs_tslibs_timezones.pyx.c.o
  [47/152] Linking target pandas/_libs/tslibs/timezones.cpython-310-x86_64-linux-gnu.so
  [48/152] Compiling Cython source /workspace/pandas-eecs481/pandas/_libs/index.pyx
  [49/152] Compiling C object pandas/_libs/tslibs/conversion.cpython-310-x86_64-linux-gnu.so.p/meson-generated_pandas__libs_tslibs_conversion.pyx.c.o
  [50/152] Linking target pandas/_libs/tslibs/conversion.cpython-310-x86_64-linux-gnu.so
  [51/152] Compiling Cython source /workspace/pandas-eecs481/pandas/_libs/internals.pyx
  [52/152] Compiling C object pandas/_libs/indexing.cpython-310-x86_64-linux-gnu.so.p/meson-generated_pandas__libs_indexing.pyx.c.o
  [53/152] Linking target pandas/_libs/indexing.cpython-310-x86_64-linux-gnu.so
  [54/152] Compiling Cython source /workspace/pandas-eecs481/pandas/_libs/groupby.pyx
  [55/152] Compiling C object pandas/_libs/lib.cpython-310-x86_64-linux-gnu.so.p/src_parser_tokenizer.c.o
  [56/152] Compiling C object pandas/_libs/hashing.cpython-310-x86_64-linux-gnu.so.p/meson-generated_pandas__libs_hashing.pyx.c.o
  [57/152] Compiling C object pandas/_libs/tslibs/fields.cpython-310-x86_64-linux-gnu.so.p/meson-generated_pandas__libs_tslibs_fields.pyx.c.o
  [58/152] Compiling C object pandas/_libs/tslibs/tzconversion.cpython-310-x86_64-linux-gnu.so.p/meson-generated_pandas__libs_tslibs_tzconversion.pyx.c.o
  [59/152] Linking target pandas/_libs/hashing.cpython-310-x86_64-linux-gnu.so
  [60/152] Linking target pandas/_libs/tslibs/fields.cpython-310-x86_64-linux-gnu.so
  [61/152] Linking target pandas/_libs/tslibs/tzconversion.cpython-310-x86_64-linux-gnu.so
  [62/152] Compiling C object pandas/_libs/pandas_datetime.cpython-310-x86_64-linux-gnu.so.p/src_datetime_date_conversions.c.o
  [63/152] Compiling C object pandas/_libs/pandas_datetime.cpython-310-x86_64-linux-gnu.so.p/src_vendored_numpy_datetime_np_datetime.c.o
  [64/152] Compiling C object pandas/_libs/pandas_datetime.cpython-310-x86_64-linux-gnu.so.p/src_vendored_numpy_datetime_np_datetime_strings.c.o
  [65/152] Compiling C object pandas/_libs/pandas_datetime.cpython-310-x86_64-linux-gnu.so.p/src_datetime_pd_datetime.c.o
  [66/152] Linking target pandas/_libs/pandas_datetime.cpython-310-x86_64-linux-gnu.so
  [67/152] Compiling C object pandas/_libs/pandas_parser.cpython-310-x86_64-linux-gnu.so.p/src_parser_io.c.o
  [68/152] Compiling Cython source /workspace/pandas-eecs481/pandas/_libs/missing.pyx
  [69/152] Compiling C object pandas/_libs/pandas_parser.cpython-310-x86_64-linux-gnu.so.p/src_parser_pd_parser.c.o
  [70/152] Compiling C object pandas/_libs/pandas_parser.cpython-310-x86_64-linux-gnu.so.p/src_parser_tokenizer.c.o
  [71/152] Linking target pandas/_libs/pandas_parser.cpython-310-x86_64-linux-gnu.so
  [72/152] Compiling Cython source /workspace/pandas-eecs481/pandas/_libs/interval.pyx
  [73/152] Compiling C object pandas/_libs/parsers.cpython-310-x86_64-linux-gnu.so.p/src_parser_io.c.o
  [74/152] Compiling C object pandas/_libs/json.cpython-310-x86_64-linux-gnu.so.p/src_vendored_ujson_python_ujson.c.o
  [75/152] Compiling C object pandas/_libs/parsers.cpython-310-x86_64-linux-gnu.so.p/src_parser_tokenizer.c.o
  [76/152] Compiling Cython source /workspace/pandas-eecs481/pandas/_libs/hashtable.pyx
  [77/152] Compiling C object pandas/_libs/json.cpython-310-x86_64-linux-gnu.so.p/src_vendored_ujson_python_JSONtoObj.c.o
  [78/152] Compiling C object pandas/_libs/tslibs/strptime.cpython-310-x86_64-linux-gnu.so.p/meson-generated_pandas__libs_tslibs_strptime.pyx.c.o
  [79/152] Linking target pandas/_libs/tslibs/strptime.cpython-310-x86_64-linux-gnu.so
  [80/152] Compiling C object pandas/_libs/json.cpython-310-x86_64-linux-gnu.so.p/src_vendored_ujson_python_objToJSON.c.o
  [81/152] Compiling C object pandas/_libs/tslibs/parsing.cpython-310-x86_64-linux-gnu.so.p/meson-generated_pandas__libs_tslibs_parsing.pyx.c.o
  [82/152] Compiling C object pandas/_libs/json.cpython-310-x86_64-linux-gnu.so.p/src_vendored_ujson_lib_ultrajsonenc.c.o
  [83/152] Compiling C object pandas/_libs/json.cpython-310-x86_64-linux-gnu.so.p/src_vendored_ujson_lib_ultrajsondec.c.o
  [84/152] Linking target pandas/_libs/tslibs/parsing.cpython-310-x86_64-linux-gnu.so
  [85/152] Compiling Cython source /workspace/pandas-eecs481/pandas/_libs/lib.pyx
  [86/152] Linking target pandas/_libs/json.cpython-310-x86_64-linux-gnu.so
  [87/152] Compiling Cython source /workspace/pandas-eecs481/pandas/_libs/ops_dispatch.pyx
  [88/152] Compiling Cython source /workspace/pandas-eecs481/pandas/_libs/parsers.pyx
  [89/152] Compiling Cython source /workspace/pandas-eecs481/pandas/_libs/properties.pyx
  [90/152] Compiling Cython source /workspace/pandas-eecs481/pandas/_libs/ops.pyx
  [91/152] Compiling Cython source /workspace/pandas-eecs481/pandas/_libs/join.pyx
  [92/152] Compiling Cython source /workspace/pandas-eecs481/pandas/_libs/reshape.pyx
  [93/152] Compiling C object pandas/_libs/ops_dispatch.cpython-310-x86_64-linux-gnu.so.p/meson-generated_pandas__libs_ops_dispatch.pyx.c.o
  [94/152] Linking target pandas/_libs/ops_dispatch.cpython-310-x86_64-linux-gnu.so
  [95/152] Compiling C object pandas/_libs/properties.cpython-310-x86_64-linux-gnu.so.p/meson-generated_pandas__libs_properties.pyx.c.o
  [96/152] Linking target pandas/_libs/properties.cpython-310-x86_64-linux-gnu.so
  [97/152] Compiling Cython source /workspace/pandas-eecs481/pandas/_libs/byteswap.pyx
  [98/152] Compiling C object pandas/_libs/tslibs/period.cpython-310-x86_64-linux-gnu.so.p/meson-generated_pandas__libs_tslibs_period.pyx.c.o
  [99/152] Linking target pandas/_libs/tslibs/period.cpython-310-x86_64-linux-gnu.so
  [100/152] Compiling Cython source /workspace/pandas-eecs481/pandas/_libs/sas.pyx
  [101/152] Compiling C object pandas/_libs/missing.cpython-310-x86_64-linux-gnu.so.p/meson-generated_pandas__libs_missing.pyx.c.o
  [102/152] Linking target pandas/_libs/missing.cpython-310-x86_64-linux-gnu.so
  [103/152] Compiling C object pandas/_libs/byteswap.cpython-310-x86_64-linux-gnu.so.p/meson-generated_pandas__libs_byteswap.pyx.c.o
  [104/152] Linking target pandas/_libs/byteswap.cpython-310-x86_64-linux-gnu.so
  [105/152] Compiling Cython source /workspace/pandas-eecs481/pandas/_libs/testing.pyx
  [106/152] Compiling C object pandas/_libs/internals.cpython-310-x86_64-linux-gnu.so.p/meson-generated_pandas__libs_internals.pyx.c.o
  [107/152] Linking target pandas/_libs/internals.cpython-310-x86_64-linux-gnu.so
  [108/152] Compiling Cython source /workspace/pandas-eecs481/pandas/_libs/tslib.pyx
  [109/152] Compiling C object pandas/_libs/tslibs/timestamps.cpython-310-x86_64-linux-gnu.so.p/meson-generated_pandas__libs_tslibs_timestamps.pyx.c.o
  [110/152] Linking target pandas/_libs/tslibs/timestamps.cpython-310-x86_64-linux-gnu.so
  [111/152] Compiling C object pandas/_libs/tslibs/timedeltas.cpython-310-x86_64-linux-gnu.so.p/meson-generated_pandas__libs_tslibs_timedeltas.pyx.c.o
  [112/152] Linking target pandas/_libs/tslibs/timedeltas.cpython-310-x86_64-linux-gnu.so
  [113/152] Compiling Cython source /workspace/pandas-eecs481/pandas/_libs/sparse.pyx
  [114/152] Compiling C object pandas/_libs/ops.cpython-310-x86_64-linux-gnu.so.p/meson-generated_pandas__libs_ops.pyx.c.o
  [115/152] Linking target pandas/_libs/ops.cpython-310-x86_64-linux-gnu.so
  [116/152] Compiling C object pandas/_libs/reshape.cpython-310-x86_64-linux-gnu.so.p/meson-generated_pandas__libs_reshape.pyx.c.o
  [117/152] Linking target pandas/_libs/reshape.cpython-310-x86_64-linux-gnu.so
  [118/152] Compiling Cython source /workspace/pandas-eecs481/pandas/_libs/window/indexers.pyx
  [119/152] Compiling Cython source /workspace/pandas-eecs481/pandas/_libs/writers.pyx
  [120/152] Compiling Cython source /workspace/pandas-eecs481/pandas/_libs/window/aggregations.pyx
  [121/152] Compiling C object pandas/_libs/testing.cpython-310-x86_64-linux-gnu.so.p/meson-generated_pandas__libs_testing.pyx.c.o
  [122/152] Linking target pandas/_libs/testing.cpython-310-x86_64-linux-gnu.so
  [123/152] Compiling C object pandas/_libs/sas.cpython-310-x86_64-linux-gnu.so.p/meson-generated_pandas__libs_sas.pyx.c.o
  [124/152] Linking target pandas/_libs/sas.cpython-310-x86_64-linux-gnu.so
  [125/152] Compiling C object pandas/_libs/window/indexers.cpython-310-x86_64-linux-gnu.so.p/meson-generated_pandas__libs_window_indexers.pyx.c.o
  [126/152] Linking target pandas/_libs/window/indexers.cpython-310-x86_64-linux-gnu.so
  [127/152] Compiling C object pandas/_libs/tslib.cpython-310-x86_64-linux-gnu.so.p/meson-generated_pandas__libs_tslib.pyx.c.o
  [128/152] Linking target pandas/_libs/tslib.cpython-310-x86_64-linux-gnu.so
  [129/152] Compiling C object pandas/_libs/writers.cpython-310-x86_64-linux-gnu.so.p/meson-generated_pandas__libs_writers.pyx.c.o
  [130/152] Linking target pandas/_libs/writers.cpython-310-x86_64-linux-gnu.so
  [131/152] Compiling C object pandas/_libs/parsers.cpython-310-x86_64-linux-gnu.so.p/meson-generated_pandas__libs_parsers.pyx.c.o
  [132/152] Linking target pandas/_libs/parsers.cpython-310-x86_64-linux-gnu.so
  [133/152] Compiling C++ object pandas/_libs/window/aggregations.cpython-310-x86_64-linux-gnu.so.p/meson-generated_pandas__libs_window_aggregations.pyx.cpp.o
  [134/152] Linking target pandas/_libs/window/aggregations.cpython-310-x86_64-linux-gnu.so
  [135/152] Compiling C object pandas/_libs/index.cpython-310-x86_64-linux-gnu.so.p/meson-generated_pandas__libs_index.pyx.c.o
  [136/152] Compiling C object pandas/_libs/tslibs/offsets.cpython-310-x86_64-linux-gnu.so.p/meson-generated_pandas__libs_tslibs_offsets.pyx.c.o
  [137/152] Linking target pandas/_libs/index.cpython-310-x86_64-linux-gnu.so
  [138/152] Linking target pandas/_libs/tslibs/offsets.cpython-310-x86_64-linux-gnu.so
  [139/152] Compiling C object pandas/_libs/lib.cpython-310-x86_64-linux-gnu.so.p/meson-generated_pandas__libs_lib.pyx.c.o
  [140/152] Linking target pandas/_libs/lib.cpython-310-x86_64-linux-gnu.so
  [141/152] Compiling C object pandas/_libs/sparse.cpython-310-x86_64-linux-gnu.so.p/meson-generated_pandas__libs_sparse.pyx.c.o
  [142/152] Linking target pandas/_libs/sparse.cpython-310-x86_64-linux-gnu.so
  [143/152] Compiling C object pandas/_libs/interval.cpython-310-x86_64-linux-gnu.so.p/meson-generated_pandas__libs_interval.pyx.c.o
  [144/152] Linking target pandas/_libs/interval.cpython-310-x86_64-linux-gnu.so
  [145/152] Compiling C object pandas/_libs/join.cpython-310-x86_64-linux-gnu.so.p/meson-generated_pandas__libs_join.pyx.c.o
  [146/152] Linking target pandas/_libs/join.cpython-310-x86_64-linux-gnu.so
  [147/152] Compiling C object pandas/_libs/algos.cpython-310-x86_64-linux-gnu.so.p/meson-generated_pandas__libs_algos.pyx.c.o
  [148/152] Linking target pandas/_libs/algos.cpython-310-x86_64-linux-gnu.so
  [149/152] Compiling C object pandas/_libs/groupby.cpython-310-x86_64-linux-gnu.so.p/meson-generated_pandas__libs_groupby.pyx.c.o
  [150/152] Linking target pandas/_libs/groupby.cpython-310-x86_64-linux-gnu.so
  [151/152] Compiling C object pandas/_libs/hashtable.cpython-310-x86_64-linux-gnu.so.p/meson-generated_pandas__libs_hashtable.pyx.c.o
  [152/152] Linking target pandas/_libs/hashtable.cpython-310-x86_64-linux-gnu.so
  Preparing editable metadata (pyproject.toml): finished with status 'done'
Requirement already satisfied: numpy>=1.23.5 in /usr/local/lib/python3.10/site-packages (from pandas==0+untagged.1.g20b47c4) (1.26.4)
Requirement already satisfied: python-dateutil>=2.8.2 in /usr/local/lib/python3.10/site-packages (from pandas==0+untagged.1.g20b47c4) (2.9.0.post0)
Requirement already satisfied: tzdata>=2022.7 in /usr/local/lib/python3.10/site-packages (from pandas==0+untagged.1.g20b47c4) (2024.2)
Requirement already satisfied: six>=1.5 in /usr/local/lib/python3.10/site-packages (from python-dateutil>=2.8.2->pandas==0+untagged.1.g20b47c4) (1.16.0)
Building wheels for collected packages: pandas
  Building editable for pandas (pyproject.toml): started
  Running command Building editable for pandas (pyproject.toml)
  Building editable for pandas (pyproject.toml): finished with status 'done'
  Created wheel for pandas: filename=pandas-0+untagged.1.g20b47c4-cp310-cp310-linux_x86_64.whl size=33687 sha256=06b3968956b9ef05c96761ba9cced97f567c64c0a8cc909fc2b053846d894670
  Stored in directory: /tmp/pip-ephem-wheel-cache-yj6xssgu/wheels/ca/a1/1b/abc3cbf360e46b6c320a23596be23ebafb6514802694ea18b2
Successfully built pandas
Installing collected packages: pandas
ERROR: pip's dependency resolver does not currently take into account all the packages that are installed. This behaviour is the source of the following dependency conflicts.
fastparquet 2024.5.0 requires pandas>=1.5.0, but you have pandas 0+untagged.1.g20b47c4 which is incompatible.
pyreadstat 1.2.8 requires pandas>=1.2.0, but you have pandas 0+untagged.1.g20b47c4 which is incompatible.
seaborn 0.13.2 requires pandas>=1.2, but you have pandas 0+untagged.1.g20b47c4 which is incompatible.
xarray 2024.10.0 requires pandas>=2.1, but you have pandas 0+untagged.1.g20b47c4 which is incompatible.
Successfully installed pandas-0+untagged.1.g20b47c4
running: pre-commit install --install-hooks
pre-commit installed at .git/hooks/pre-commit
[INFO] Initializing environment for https://github.com/astral-sh/ruff-pre-commit.
[INFO] Initializing environment for https://github.com/jendrikseipp/vulture.
[INFO] Initializing environment for https://github.com/codespell-project/codespell.
[INFO] Initializing environment for https://github.com/codespell-project/codespell:tomli.
[INFO] Initializing environment for https://github.com/MarcoGorelli/cython-lint.
[INFO] Initializing environment for https://github.com/pre-commit/pre-commit-hooks.
[INFO] Initializing environment for https://github.com/PyCQA/isort.
[WARNING] repo `https://github.com/PyCQA/isort` uses deprecated stage names (commit, merge-commit, push) which will be removed in a future version.  Hint: often `pre-commit autoupdate --repo https://github.com/PyCQA/isort` will fix this.  if it does not -- consider reporting an issue to that repo.
[INFO] Initializing environment for https://github.com/asottile/pyupgrade.
[INFO] Initializing environment for https://github.com/pre-commit/pygrep-hooks.
[INFO] Initializing environment for https://github.com/sphinx-contrib/sphinx-lint.
[INFO] Initializing environment for https://github.com/pre-commit/mirrors-clang-format.
[INFO] Initializing environment for local:pyright@1.1.383.
[INFO] Initializing environment for local.
[INFO] Initializing environment for local:tomli,pyyaml.
[INFO] Installing environment for https://github.com/astral-sh/ruff-pre-commit.
[INFO] Once installed this environment will be reused.
[INFO] This may take a few minutes...
[INFO] Installing environment for https://github.com/jendrikseipp/vulture.
[INFO] Once installed this environment will be reused.
[INFO] This may take a few minutes...
[INFO] Installing environment for https://github.com/codespell-project/codespell.
[INFO] Once installed this environment will be reused.
[INFO] This may take a few minutes...
[INFO] Installing environment for https://github.com/MarcoGorelli/cython-lint.
[INFO] Once installed this environment will be reused.
[INFO] This may take a few minutes...
[INFO] Installing environment for https://github.com/pre-commit/pre-commit-hooks.
[INFO] Once installed this environment will be reused.
[INFO] This may take a few minutes...
[INFO] Installing environment for https://github.com/PyCQA/isort.
[INFO] Once installed this environment will be reused.
[INFO] This may take a few minutes...
[INFO] Installing environment for https://github.com/asottile/pyupgrade.
[INFO] Once installed this environment will be reused.
[INFO] This may take a few minutes...
[INFO] Installing environment for https://github.com/sphinx-contrib/sphinx-lint.
[INFO] Once installed this environment will be reused.
[INFO] This may take a few minutes...
[INFO] Installing environment for https://github.com/pre-commit/mirrors-clang-format.
[INFO] Once installed this environment will be reused.
[INFO] This may take a few minutes...
[INFO] Installing environment for local.
[INFO] Once installed this environment will be reused.
[INFO] This may take a few minutes...
[INFO] Installing environment for local.
[INFO] Once installed this environment will be reused.
[INFO] This may take a few minutes...
[INFO] Installing environment for local.
[INFO] Once installed this environment will be reused.
[INFO] This may take a few minutes...
running:  python -m pip install -ve . --no-build-isolation -Ceditable-verbose=true
Using pip 24.3.1 from /usr/local/lib/python3.10/site-packages/pip (python 3.10)
Defaulting to user installation because normal site-packages is not writeable
Obtaining file:///workspace/pandas-eecs481
  Checking if build backend supports build_editable: started
  Running command Checking if build backend supports build_editable
  Checking if build backend supports build_editable: finished with status 'done'
  Preparing editable metadata (pyproject.toml): started
  Running command Preparing editable metadata (pyproject.toml)
  + meson setup --reconfigure /workspace/pandas-eecs481 /workspace/pandas-eecs481/build/cp310 -Dbuildtype=release -Db_ndebug=if-release -Db_vscrt=md --vsenv --native-file=/workspace/pandas-eecs481/build/cp310/meson-python-native-file.ini
  Cleaning... 0 files.
  The Meson build system
  Version: 1.2.1
  Source dir: /workspace/pandas-eecs481
  Build dir: /workspace/pandas-eecs481/build/cp310
  Build type: native build
  Project name: pandas
  Project version: 3.0.0.dev0+1677.g20b47c4878
  C compiler for the host machine: cc (gcc 10.2.1 "cc (Debian 10.2.1-6) 10.2.1 20210110")
  C linker for the host machine: cc ld.bfd 2.35.2
  C++ compiler for the host machine: c++ (gcc 10.2.1 "c++ (Debian 10.2.1-6) 10.2.1 20210110")
  C++ linker for the host machine: c++ ld.bfd 2.35.2
  Cython compiler for the host machine: cython (cython 3.0.11)
  Host machine cpu family: x86_64
  Host machine cpu: x86_64
  Program python found: YES (/usr/local/bin/python)
  Build targets in project: 54

  pandas 3.0.0.dev0+1677.g20b47c4878

    User defined options
      Native files: /workspace/pandas-eecs481/build/cp310/meson-python-native-file.ini
      buildtype   : release
      vsenv       : True
      b_ndebug    : if-release
      b_vscrt     : md

  Found ninja-1.11.1.git.kitware.jobserver-1 at /usr/local/bin/ninja

  Visual Studio environment is needed to run Ninja. It is recommended to use Meson wrapper:
  /usr/local/bin/meson compile -C .
  + /usr/local/bin/ninja
  [1/1] Generating write_version_file with a custom command
  Preparing editable metadata (pyproject.toml): finished with status 'done'
Requirement already satisfied: numpy>=1.23.5 in /usr/local/lib/python3.10/site-packages (from pandas==3.0.0.dev0+1677.g20b47c4878) (1.26.4)
Requirement already satisfied: python-dateutil>=2.8.2 in /usr/local/lib/python3.10/site-packages (from pandas==3.0.0.dev0+1677.g20b47c4878) (2.9.0.post0)
Requirement already satisfied: tzdata>=2022.7 in /usr/local/lib/python3.10/site-packages (from pandas==3.0.0.dev0+1677.g20b47c4878) (2024.2)
Requirement already satisfied: six>=1.5 in /usr/local/lib/python3.10/site-packages (from python-dateutil>=2.8.2->pandas==3.0.0.dev0+1677.g20b47c4878) (1.16.0)
Building wheels for collected packages: pandas
  Building editable for pandas (pyproject.toml): started
  Running command Building editable for pandas (pyproject.toml)
  Building editable for pandas (pyproject.toml): finished with status 'done'
  Created wheel for pandas: filename=pandas-3.0.0.dev0+1677.g20b47c4878-cp310-cp310-linux_x86_64.whl size=33801 sha256=01d514eba92d7fc4359fbaed1956a4f69320a24cfe8759bca78514e5bf821c34
  Stored in directory: /tmp/pip-ephem-wheel-cache-ebwtkh10/wheels/ca/a1/1b/abc3cbf360e46b6c320a23596be23ebafb6514802694ea18b2
Successfully built pandas
Installing collected packages: pandas
  Attempting uninstall: pandas
    Found existing installation: pandas 0+untagged.1.g20b47c4
    Uninstalling pandas-0+untagged.1.g20b47c4:
      Removing file or directory /home/gitpod/.local/lib/python3.10/site-packages/
      Successfully uninstalled pandas-0+untagged.1.g20b47c4
Successfully installed pandas-3.0.0.dev0+1677.g20b47c4878
✨ Pre-build complete! You can close this terminal ✨
